info it worked if it ends with ok
verbose cli [ 'node', '/usr/local/bin/npm', 'install', 'client' ]
info using npm@1.0.106
info using node@v0.4.7
verbose config file /Users/derek/.npmrc
verbose config file /usr/local/etc/npmrc
verbose config file /usr/local/lib/node_modules/npm/npmrc
silly testEngine { name: 'cardsly',
silly testEngine   version: '0.0.3',
silly testEngine   private: false,
silly testEngine   dependencies: 
silly testEngine    { express: '>= 2.5.1',
silly testEngine      jade: '>= 0.0.1',
silly testEngine      stylus: '>= 0.13.9',
silly testEngine      'coffee-script': '>= 1.1.2',
silly testEngine      connect: '>= 0.0.1',
silly testEngine      'connect-redis': '>= 0.0.1',
silly testEngine      mongoose: '>= 0.0.1',
silly testEngine      bcrypt: '>=0.0.1',
silly testEngine      geo: '>=0.0.1',
silly testEngine      nodemailer: '>=0.0.1',
silly testEngine      pdfkit: '>=0.0.1',
silly testEngine      imagemagick: '>=0.0.1',
silly testEngine      everyauth: '>=0.0.1',
silly testEngine      knox: '>=0.0.1',
silly testEngine      mime: '1.2.2',
silly testEngine      snockets: '1.3.3',
silly testEngine      underscore: '1.1.7',
silly testEngine      request: '>=0.0.1',
silly testEngine      xml2json: '>=0.0.1',
silly testEngine      oauth: '>=0.0.1',
silly testEngine      canvas: 'https://github.com/elspoono/node-canvas-heroku/tarball/master' },
silly testEngine   devDependencies: { vows: '>= 0.0.1' },
silly testEngine   engines: { node: '*' },
silly testEngine   author: { name: 'Derek Bredensteiner' },
silly testEngine   description: 'Cardsly',
silly testEngine   repository: 
silly testEngine    { type: 'git',
silly testEngine      url: 'git://github.com/elspoono/Cardsly.git' },
silly testEngine   _id: 'cardsly@0.0.3',
silly testEngine   _engineSupported: true,
silly testEngine   _npmVersion: '1.0.106',
silly testEngine   _nodeVersion: 'v0.4.7',
silly testEngine   _defaultsLoaded: true }
verbose caching /Users/derek/Desktop/cards.ly/package.json
verbose loadDefaults cardsly@0.0.3
silly testEngine { name: 'coffee-script',
silly testEngine   description: 'Unfancy JavaScript',
silly testEngine   keywords: [ 'javascript', 'language', 'coffeescript', 'compiler' ],
silly testEngine   author: { name: 'Jeremy Ashkenas' },
silly testEngine   version: '1.1.3',
silly testEngine   licenses: 
silly testEngine    [ { type: 'MIT',
silly testEngine        url: 'http://github.com/jashkenas/coffee-script/raw/master/LICENSE' } ],
silly testEngine   engines: { node: '>=0.4.0' },
silly testEngine   directories: { lib: './lib/coffee-script' },
silly testEngine   main: './lib/coffee-script/coffee-script',
silly testEngine   bin: { coffee: './bin/coffee', cake: './bin/cake' },
silly testEngine   homepage: 'http://coffeescript.org',
silly testEngine   repository: 
silly testEngine    { type: 'git',
silly testEngine      url: 'git://github.com/jashkenas/coffee-script.git' },
silly testEngine   devDependencies: { 'uglify-js': '1.0.6', jison: '0.2.11' },
silly testEngine   _id: 'coffee-script@1.1.3',
silly testEngine   dependencies: {},
silly testEngine   _engineSupported: true,
silly testEngine   _npmVersion: '1.0.106',
silly testEngine   _nodeVersion: 'v0.4.7',
silly testEngine   _defaultsLoaded: true }
verbose caching /Users/derek/Desktop/cards.ly/node_modules/coffee-script/package.json
verbose loadDefaults coffee-script@1.1.3
silly testEngine { name: 'connect',
silly testEngine   version: '1.8.2',
silly testEngine   description: 'High performance middleware framework',
silly testEngine   keywords: [ 'framework', 'web', 'middleware', 'connect', 'rack' ],
silly testEngine   repository: 
silly testEngine    { type: 'git',
silly testEngine      url: 'git://github.com/senchalabs/connect.git' },
silly testEngine   author: 
silly testEngine    { name: 'TJ Holowaychuk',
silly testEngine      email: 'tj@vision-media.ca',
silly testEngine      url: 'http://tjholowaychuk.com' },
silly testEngine   dependencies: 
silly testEngine    { qs: '>= 0.3.1',
silly testEngine      mime: '>= 0.0.1',
silly testEngine      formidable: '1.0.x' },
silly testEngine   devDependencies: 
silly testEngine    { expresso: '0.9.2',
silly testEngine      koala: '0.1.2',
silly testEngine      less: '1.1.1',
silly testEngine      sass: '0.5.0',
silly testEngine      markdown: '0.2.1',
silly testEngine      ejs: '0.4.3',
silly testEngine      should: '0.3.2' },
silly testEngine   main: 'index',
silly testEngine   engines: { node: '>= 0.4.1 < 0.7.0' },
silly testEngine   _id: 'connect@1.8.2',
silly testEngine   _engineSupported: true,
silly testEngine   _npmVersion: '1.0.106',
silly testEngine   _nodeVersion: 'v0.4.7',
silly testEngine   _defaultsLoaded: true }
verbose caching /Users/derek/Desktop/cards.ly/node_modules/connect/package.json
verbose loadDefaults connect@1.8.2
silly testEngine { name: 'connect-redis',
silly testEngine   description: 'Redis session store for Connect',
silly testEngine   version: '1.2.0',
silly testEngine   author: 
silly testEngine    { name: 'TJ Holowaychuk',
silly testEngine      email: 'tj@vision-media.ca' },
silly testEngine   main: './index.js',
silly testEngine   dependencies: { redis: '>= 0.0.1' },
silly testEngine   devDependencies: { connect: '1.4.x' },
silly testEngine   engines: { node: '>= 0.1.98' },
silly testEngine   _id: 'connect-redis@1.2.0',
silly testEngine   _engineSupported: true,
silly testEngine   _npmVersion: '1.0.106',
silly testEngine   _nodeVersion: 'v0.4.7',
silly testEngine   _defaultsLoaded: true }
verbose caching /Users/derek/Desktop/cards.ly/node_modules/connect-redis/package.json
verbose loadDefaults connect-redis@1.2.0
silly testEngine { name: 'everyauth',
silly testEngine   description: 'Auth solution (password, facebook, & more) for your node.js Connect & Express apps',
silly testEngine   version: '0.2.27',
silly testEngine   homepage: 'https://github.com/bnoguchi/everyauth/',
silly testEngine   repository: 
silly testEngine    { type: 'git',
silly testEngine      url: 'git://github.com/bnoguchi/everyauth.git' },
silly testEngine   author: 
silly testEngine    { name: 'Brian Noguchi',
silly testEngine      email: 'brian.noguchi@gmail.com',
silly testEngine      url: 'https://github.com/bnoguchi/' },
silly testEngine   keywords: 
silly testEngine    [ 'auth',
silly testEngine      'oauth',
silly testEngine      'password',
silly testEngine      'facebook',
silly testEngine      'openid',
silly testEngine      'twitter',
silly testEngine      'authorization',
silly testEngine      'authentication',
silly testEngine      'connect',
silly testEngine      'express' ],
silly testEngine   main: './index.js',
silly testEngine   directories: { lib: 'lib' },
silly testEngine   dependencies: 
silly testEngine    { oauth: '>=0.9.0',
silly testEngine      restler: '>=0.2.1',
silly testEngine      request: '>=2.2.0',
silly testEngine      connect: '>=1 <2',
silly testEngine      openid: '>=0.2.0',
silly testEngine      xml2js: '>=0.1.7' },
silly testEngine   devDependencies: 
silly testEngine    { express: '>=2.3.10',
silly testEngine      jade: '>=0.12.1',
silly testEngine      tobi: '>=0.2.2',
silly testEngine      expresso: '>=0.8.1',
silly testEngine      should: '>=0.2.1' },
silly testEngine   engines: { node: '>=0.4' },
silly testEngine   _id: 'everyauth@0.2.27',
silly testEngine   _engineSupported: true,
silly testEngine   _npmVersion: '1.0.106',
silly testEngine   _nodeVersion: 'v0.4.7',
silly testEngine   _defaultsLoaded: true }
verbose caching /Users/derek/Desktop/cards.ly/node_modules/everyauth/package.json
verbose loadDefaults everyauth@0.2.27
silly testEngine { name: 'express',
silly testEngine   description: 'Sinatra inspired web development framework',
silly testEngine   version: '2.5.2',
silly testEngine   author: 
silly testEngine    { name: 'TJ Holowaychuk',
silly testEngine      email: 'tj@vision-media.ca' },
silly testEngine   contributors: 
silly testEngine    [ { name: 'TJ Holowaychuk',
silly testEngine        email: 'tj@vision-media.ca' },
silly testEngine      { name: 'Aaron Heckmann',
silly testEngine        email: 'aaron.heckmann+github@gmail.com' },
silly testEngine      { name: 'Ciaran Jessup', email: 'ciaranj@gmail.com' },
silly testEngine      { name: 'Guillermo Rauch', email: 'rauchg@gmail.com' } ],
silly testEngine   dependencies: 
silly testEngine    { connect: '1.8.x',
silly testEngine      mime: '>= 0.0.1',
silly testEngine      qs: '>= 0.3.1',
silly testEngine      mkdirp: '0.0.7' },
silly testEngine   devDependencies: 
silly testEngine    { 'connect-form': '0.2.1',
silly testEngine      ejs: '0.4.2',
silly testEngine      expresso: '0.9.2',
silly testEngine      hamljs: '0.5.1',
silly testEngine      jade: '0.16.2',
silly testEngine      stylus: '0.13.0',
silly testEngine      should: '0.3.2',
silly testEngine      'express-messages': '0.0.2',
silly testEngine      'node-markdown': '>= 0.0.1',
silly testEngine      'connect-redis': '>= 0.0.1' },
silly testEngine   keywords: [ 'framework', 'sinatra', 'web', 'rest', 'restful' ],
silly testEngine   repository: 
silly testEngine    { type: 'git',
silly testEngine      url: 'git://github.com/visionmedia/express.git' },
silly testEngine   main: 'index',
silly testEngine   bin: { express: './bin/express' },
silly testEngine   scripts: { test: 'make test', prepublish: 'npm prune' },
silly testEngine   engines: { node: '>= 0.4.1 < 0.7.0' },
silly testEngine   _id: 'express@2.5.2',
silly testEngine   _engineSupported: true,
silly testEngine   _npmVersion: '1.0.106',
silly testEngine   _nodeVersion: 'v0.4.7',
silly testEngine   _defaultsLoaded: true }
verbose caching /Users/derek/Desktop/cards.ly/node_modules/express/package.json
verbose loadDefaults express@2.5.2
silly testEngine { name: 'geo',
silly testEngine   description: 'Geo is a very basic, but simple and extendable, geocode library for Node.js. Currently it only supports Google\'s Geocode API (v3) - Geo Spatial features are coming out soon',
silly testEngine   homepage: 'http://geeks.aretotally.in/projects/geonode',
silly testEngine   keywords: 
silly testEngine    [ 'geo',
silly testEngine      'geospatial',
silly testEngine      'geocode',
silly testEngine      'geocoding',
silly testEngine      'geohash' ],
silly testEngine   author: 
silly testEngine    { name: 'Felipe Oliveira',
silly testEngine      email: 'felipera@gmail.com' },
silly testEngine   contributors: [],
silly testEngine   repository: 
silly testEngine    { type: 'git',
silly testEngine      url: 'git@github.com:feliperazeek/geonode.git' },
silly testEngine   licenses: 
silly testEngine    [ { type: 'GPLv3',
silly testEngine        url: 'http://www.gnu.org/licenses/gpl-3.0.txt' } ],
silly testEngine   dependencies: { geohash: '' },
silly testEngine   lib: 'lib',
silly testEngine   main: './lib/geo',
silly testEngine   version: '0.0.3',
silly testEngine   directories: { test: './test' },
silly testEngine   engines: { node: '>= 0.3.0' },
silly testEngine   _id: 'geo@0.0.3',
silly testEngine   devDependencies: {},
silly testEngine   _engineSupported: true,
silly testEngine   _npmVersion: '1.0.106',
silly testEngine   _nodeVersion: 'v0.4.7',
silly testEngine   _defaultsLoaded: true }
verbose caching /Users/derek/Desktop/cards.ly/node_modules/geo/package.json
verbose loadDefaults geo@0.0.3
silly testEngine { name: 'imagemagick',
silly testEngine   description: 'A wrapper around the imagemagick cli',
silly testEngine   version: '0.1.2',
silly testEngine   author: { name: 'Rasmus Andersson' },
silly testEngine   licenses: [ { type: 'MIT' } ],
silly testEngine   repository: 
silly testEngine    { type: 'git',
silly testEngine      url: 'git://github.com/rsms/node-imagemagick.git' },
silly testEngine   engine: [ 'node >=0.1.90' ],
silly testEngine   main: 'imagemagick',
silly testEngine   _id: 'imagemagick@0.1.2',
silly testEngine   dependencies: {},
silly testEngine   devDependencies: {},
silly testEngine   engines: { node: '*' },
silly testEngine   _engineSupported: true,
silly testEngine   _npmVersion: '1.0.106',
silly testEngine   _nodeVersion: 'v0.4.7',
silly testEngine   _defaultsLoaded: true }
verbose caching /Users/derek/Desktop/cards.ly/node_modules/imagemagick/package.json
verbose loadDefaults imagemagick@0.1.2
silly testEngine { name: 'jade',
silly testEngine   description: 'Jade template engine',
silly testEngine   version: '0.19.0',
silly testEngine   author: 
silly testEngine    { name: 'TJ Holowaychuk',
silly testEngine      email: 'tj@vision-media.ca' },
silly testEngine   repository: 
silly testEngine    { type: 'git',
silly testEngine      url: 'git://github.com/visionmedia/jade.git' },
silly testEngine   main: './index.js',
silly testEngine   bin: { jade: './bin/jade' },
silly testEngine   dependencies: { commander: '0.2.x', mkdirp: '>= 0.0.7' },
silly testEngine   devDependencies: 
silly testEngine    { mocha: '*',
silly testEngine      'coffee-script': '>= 0.0.1',
silly testEngine      markdown: '>= 0.0.1',
silly testEngine      stylus: '>= 0.0.1',
silly testEngine      uubench: '0.0.1',
silly testEngine      'uglify-js': '>= 1.0.7' },
silly testEngine   scripts: { prepublish: 'npm prune' },
silly testEngine   engines: { node: '>= 0.1.98' },
silly testEngine   _id: 'jade@0.19.0',
silly testEngine   _engineSupported: true,
silly testEngine   _npmVersion: '1.0.106',
silly testEngine   _nodeVersion: 'v0.4.7',
silly testEngine   _defaultsLoaded: true }
verbose caching /Users/derek/Desktop/cards.ly/node_modules/jade/package.json
verbose loadDefaults jade@0.19.0
silly testEngine { name: 'knox',
silly testEngine   description: 'Amazon S3 client',
silly testEngine   keywords: [ 'aws', 'amazon', 's3' ],
silly testEngine   version: '0.0.9',
silly testEngine   author: { name: 'TJ Holowaychuk', email: 'tj@learnboost.com' },
silly testEngine   main: './index.js',
silly testEngine   engines: { node: '>= 0.2.0' },
silly testEngine   repository: 
silly testEngine    { type: 'git',
silly testEngine      url: 'git://github.com/LearnBoost/knox.git' },
silly testEngine   _id: 'knox@0.0.9',
silly testEngine   dependencies: {},
silly testEngine   devDependencies: {},
silly testEngine   _engineSupported: true,
silly testEngine   _npmVersion: '1.0.106',
silly testEngine   _nodeVersion: 'v0.4.7',
silly testEngine   _defaultsLoaded: true }
verbose caching /Users/derek/Desktop/cards.ly/node_modules/knox/package.json
verbose loadDefaults knox@0.0.9
silly testEngine { name: 'mime',
silly testEngine   description: 'A comprehensive library for mime-type mapping',
silly testEngine   url: 'http://github.com/bentomas/node-mime',
silly testEngine   keywords: [ 'util', 'mime' ],
silly testEngine   author: 
silly testEngine    { name: 'Benjamin Thomas',
silly testEngine      email: 'benjamin@benjaminthomas.org' },
silly testEngine   contributors: [],
silly testEngine   dependencies: {},
silly testEngine   lib: '.',
silly testEngine   main: 'mime.js',
silly testEngine   version: '1.2.2',
silly testEngine   _id: 'mime@1.2.2',
silly testEngine   devDependencies: {},
silly testEngine   engines: { node: '*' },
silly testEngine   _engineSupported: true,
silly testEngine   _npmVersion: '1.0.106',
silly testEngine   _nodeVersion: 'v0.4.7',
silly testEngine   _defaultsLoaded: true }
verbose caching /Users/derek/Desktop/cards.ly/node_modules/mime/package.json
verbose loadDefaults mime@1.2.2
silly testEngine { name: 'mongoose',
silly testEngine   description: 'Mongoose MongoDB ODM',
silly testEngine   version: '2.4.6',
silly testEngine   author: 
silly testEngine    { name: 'Guillermo Rauch',
silly testEngine      email: 'guillermo@learnboost.com' },
silly testEngine   keywords: 
silly testEngine    [ 'mongodb',
silly testEngine      'mongoose',
silly testEngine      'orm',
silly testEngine      'data',
silly testEngine      'datastore',
silly testEngine      'nosql' ],
silly testEngine   dependencies: 
silly testEngine    { hooks: '0.1.9',
silly testEngine      mongodb: '0.9.7-1.4',
silly testEngine      colors: '0.5.1' },
silly testEngine   devDependencies: { should: '0.2.1', gleak: '0.2.1' },
silly testEngine   directories: { lib: './lib/mongoose' },
silly testEngine   scripts: { test: 'make test' },
silly testEngine   main: './index.js',
silly testEngine   engines: { node: '>= 0.4.0' },
silly testEngine   repository: 
silly testEngine    { type: 'git',
silly testEngine      url: 'git://github.com/LearnBoost/mongoose.git' },
silly testEngine   _id: 'mongoose@2.4.6',
silly testEngine   _engineSupported: true,
silly testEngine   _npmVersion: '1.0.106',
silly testEngine   _nodeVersion: 'v0.4.7',
silly testEngine   _defaultsLoaded: true }
verbose caching /Users/derek/Desktop/cards.ly/node_modules/mongoose/package.json
verbose loadDefaults mongoose@2.4.6
silly testEngine { name: 'nodemailer',
silly testEngine   description: 'Easy to use module to send e-mails, supports unicode and SSL/TLS',
silly testEngine   version: '0.2.4',
silly testEngine   author: { name: 'Andris Reinman' },
silly testEngine   maintainers: [ { name: 'andris', email: 'andris@node.ee' } ],
silly testEngine   homepage: 'http://www.nodemailer.org',
silly testEngine   repository: 
silly testEngine    { type: 'git',
silly testEngine      url: 'git://github.com/andris9/nodemailer.git' },
silly testEngine   main: './lib/mail',
silly testEngine   licenses: 
silly testEngine    [ { type: 'MIT',
silly testEngine        url: 'http://github.com/andris9/nodemailer/blob/master/LICENSE' } ],
silly testEngine   dependencies: { 'mimelib-noiconv': '*' },
silly testEngine   engine: [ 'node >=0.3.0' ],
silly testEngine   keywords: [ 'e-mail', 'mime', 'email', 'sendmail' ],
silly testEngine   _id: 'nodemailer@0.2.4',
silly testEngine   devDependencies: {},
silly testEngine   engines: { node: '*' },
silly testEngine   _engineSupported: true,
silly testEngine   _npmVersion: '1.0.106',
silly testEngine   _nodeVersion: 'v0.4.7',
silly testEngine   _defaultsLoaded: true }
verbose caching /Users/derek/Desktop/cards.ly/node_modules/nodemailer/package.json
verbose loadDefaults nodemailer@0.2.4
silly testEngine { name: 'oauth',
silly testEngine   description: 'Library for interacting with OAuth 1.0, 1.0A, 2 and Echo.  Provides simplified client access and allows for construction of more complex apis and OAuth providers.',
silly testEngine   version: '0.9.5',
silly testEngine   directories: { lib: './lib' },
silly testEngine   main: 'index.js',
silly testEngine   author: { name: 'Ciaran Jessup', email: 'ciaranj@gmail.com' },
silly testEngine   repository: 
silly testEngine    { type: 'git',
silly testEngine      url: 'git://github.com/ciaranj/node-oauth.git' },
silly testEngine   devDependencies: { vows: '0.5.x' },
silly testEngine   _id: 'oauth@0.9.5',
silly testEngine   dependencies: {},
silly testEngine   engines: { node: '*' },
silly testEngine   _engineSupported: true,
silly testEngine   _npmVersion: '1.0.106',
silly testEngine   _nodeVersion: 'v0.4.7',
silly testEngine   _defaultsLoaded: true }
verbose caching /Users/derek/Desktop/cards.ly/node_modules/oauth/package.json
verbose loadDefaults oauth@0.9.5
silly testEngine { name: 'pdfkit',
silly testEngine   description: 'A PDF generation library for Node.js',
silly testEngine   keywords: 
silly testEngine    [ 'pdf',
silly testEngine      'pdf writer',
silly testEngine      'pdf generator',
silly testEngine      'graphics',
silly testEngine      'document',
silly testEngine      'vector' ],
silly testEngine   version: '0.1.6',
silly testEngine   homepage: 'http://devongovett.github.com/pdfkit/',
silly testEngine   author: 
silly testEngine    { name: 'Devon Govett',
silly testEngine      email: 'devongovett@gmail.com',
silly testEngine      url: 'http://badassjs.com/' },
silly testEngine   repository: 
silly testEngine    { type: 'git',
silly testEngine      url: 'git://github.com/devongovett/pdfkit.git' },
silly testEngine   bugs: { name: 'http://github.com/devongovett/pdfkit/issues' },
silly testEngine   directories: { lib: './lib', example: './demo' },
silly testEngine   dependencies: { 'coffee-script': '>=1.0.1', flate: '>=1.0.2' },
silly testEngine   engine: [ 'node >= v0.4.0' ],
silly testEngine   _id: 'pdfkit@0.1.6',
silly testEngine   devDependencies: {},
silly testEngine   engines: { node: '*' },
silly testEngine   _engineSupported: true,
silly testEngine   _npmVersion: '1.0.106',
silly testEngine   _nodeVersion: 'v0.4.7',
silly testEngine   _defaultsLoaded: true }
verbose caching /Users/derek/Desktop/cards.ly/node_modules/pdfkit/package.json
verbose loadDefaults pdfkit@0.1.6
silly testEngine { name: 'request',
silly testEngine   description: 'Simplified HTTP request client.',
silly testEngine   tags: [ 'http', 'simple', 'util', 'utility' ],
silly testEngine   version: '2.2.9',
silly testEngine   author: 
silly testEngine    { name: 'Mikeal Rogers',
silly testEngine      email: 'mikeal.rogers@gmail.com' },
silly testEngine   repository: 
silly testEngine    { type: 'git',
silly testEngine      url: 'git://github.com/mikeal/request.git' },
silly testEngine   bugs: { url: 'http://github.com/mikeal/request/issues' },
silly testEngine   engines: [ 'node >= 0.3.6', node: ' >= 0.3.6' ],
silly testEngine   main: './main',
silly testEngine   scripts: { test: 'bash tests/run.sh' },
silly testEngine   _id: 'request@2.2.9',
silly testEngine   dependencies: {},
silly testEngine   devDependencies: {},
silly testEngine   _engineSupported: true,
silly testEngine   _npmVersion: '1.0.106',
silly testEngine   _nodeVersion: 'v0.4.7',
silly testEngine   _defaultsLoaded: true }
verbose caching /Users/derek/Desktop/cards.ly/node_modules/request/package.json
verbose loadDefaults request@2.2.9
silly testEngine { author: 
silly testEngine    { name: 'Trevor Burnham',
silly testEngine      url: 'http://trevorburnham.com' },
silly testEngine   name: 'snockets',
silly testEngine   description: 'Sprockets-esque script concatenation for Node',
silly testEngine   version: '1.3.3',
silly testEngine   homepage: 'http://github.com/TrevorBurnham/snockets',
silly testEngine   repository: 
silly testEngine    { type: 'git',
silly testEngine      url: 'git://github.com/TrevorBurnham/snockets.git' },
silly testEngine   main: 'lib/snockets.js',
silly testEngine   dependencies: 
silly testEngine    { 'coffee-script': '>=1.1.2',
silly testEngine      'dep-graph': '1.0.1',
silly testEngine      mime: '1.2.2',
silly testEngine      'uglify-js': '1.0.7',
silly testEngine      underscore: '1.1.7' },
silly testEngine   devDependencies: 
silly testEngine    { 'coffee-script': '1.1.2',
silly testEngine      nodeunit: '0.5.4',
silly testEngine      'watch-tree': '0.1.1' },
silly testEngine   _id: 'snockets@1.3.3',
silly testEngine   engines: { node: '*' },
silly testEngine   _engineSupported: true,
silly testEngine   _npmVersion: '1.0.106',
silly testEngine   _nodeVersion: 'v0.4.7',
silly testEngine   _defaultsLoaded: true }
verbose caching /Users/derek/Desktop/cards.ly/node_modules/snockets/package.json
verbose loadDefaults snockets@1.3.3
silly testEngine { name: 'stylus',
silly testEngine   description: 'Robust, expressive, and feature-rich CSS superset',
silly testEngine   version: '0.20.0',
silly testEngine   author: 
silly testEngine    { name: 'TJ Holowaychuk',
silly testEngine      email: 'tj@vision-media.ca' },
silly testEngine   keywords: 
silly testEngine    [ 'css',
silly testEngine      'parser',
silly testEngine      'style',
silly testEngine      'stylesheets',
silly testEngine      'jade',
silly testEngine      'language' ],
silly testEngine   repository: 
silly testEngine    { type: 'git',
silly testEngine      url: 'git://github.com/learnboost/stylus.git' },
silly testEngine   main: './index.js',
silly testEngine   engines: { node: '> 0.4.x < 0.7.0' },
silly testEngine   bin: { stylus: './bin/stylus' },
silly testEngine   scripts: { prepublish: 'npm prune' },
silly testEngine   dependencies: { cssom: '0.2.0', growl: '1.1.0', mkdirp: '0.0.7' },
silly testEngine   _id: 'stylus@0.20.0',
silly testEngine   devDependencies: {},
silly testEngine   _engineSupported: true,
silly testEngine   _npmVersion: '1.0.106',
silly testEngine   _nodeVersion: 'v0.4.7',
silly testEngine   _defaultsLoaded: true }
verbose caching /Users/derek/Desktop/cards.ly/node_modules/stylus/package.json
verbose loadDefaults stylus@0.20.0
silly testEngine { name: 'underscore',
silly testEngine   description: 'JavaScript\'s functional programming helper library.',
silly testEngine   homepage: 'http://documentcloud.github.com/underscore/',
silly testEngine   keywords: [ 'util', 'functional', 'server', 'client', 'browser' ],
silly testEngine   author: 
silly testEngine    { name: 'Jeremy Ashkenas',
silly testEngine      email: 'jeremy@documentcloud.org' },
silly testEngine   contributors: [],
silly testEngine   dependencies: {},
silly testEngine   repository: 
silly testEngine    { type: 'git',
silly testEngine      url: 'git://github.com/documentcloud/underscore.git' },
silly testEngine   main: 'underscore.js',
silly testEngine   version: '1.1.7',
silly testEngine   _id: 'underscore@1.1.7',
silly testEngine   devDependencies: {},
silly testEngine   engines: { node: '*' },
silly testEngine   _engineSupported: true,
silly testEngine   _npmVersion: '1.0.106',
silly testEngine   _nodeVersion: 'v0.4.7',
silly testEngine   _defaultsLoaded: true }
verbose caching /Users/derek/Desktop/cards.ly/node_modules/underscore/package.json
verbose loadDefaults underscore@1.1.7
silly testEngine { name: 'vows',
silly testEngine   description: 'Asynchronous BDD & continuous integration for node.js',
silly testEngine   url: 'http://vowsjs.org',
silly testEngine   keywords: [ 'testing', 'spec', 'test', 'BDD' ],
silly testEngine   author: 
silly testEngine    { name: 'Alexis Sellier',
silly testEngine      email: 'self@cloudhead.net' },
silly testEngine   contributors: 
silly testEngine    [ { name: 'Charlie Robbins',
silly testEngine        email: 'charlie.robbins@gmail.com' } ],
silly testEngine   dependencies: { eyes: '>=0.1.6' },
silly testEngine   main: './lib/vows',
silly testEngine   bin: { vows: './bin/vows' },
silly testEngine   directories: { test: './test', bin: './bin' },
silly testEngine   version: '0.6.0',
silly testEngine   scripts: { test: './bin/vows --spec' },
silly testEngine   engines: { node: '>=0.2.6' },
silly testEngine   _id: 'vows@0.6.0',
silly testEngine   devDependencies: {},
silly testEngine   _engineSupported: true,
silly testEngine   _npmVersion: '1.0.106',
silly testEngine   _nodeVersion: 'v0.4.7',
silly testEngine   _defaultsLoaded: true }
verbose caching /Users/derek/Desktop/cards.ly/node_modules/vows/package.json
verbose loadDefaults vows@0.6.0
silly testEngine { name: 'xml2json',
silly testEngine   version: '0.2.4',
silly testEngine   author: { name: 'Andrew Turley' },
silly testEngine   email: 'aturley@buglabs.net',
silly testEngine   description: 'Converts xml to json and viceverza, using node-expat.',
silly testEngine   repository: 
silly testEngine    { type: 'git',
silly testEngine      url: 'git://github.com/buglabs/node-xml2json.git' },
silly testEngine   main: 'index',
silly testEngine   contributors: 
silly testEngine    [ { name: 'Camilo Aguilar',
silly testEngine        email: 'camilo@buglabs.net' } ],
silly testEngine   dependencies: { 'node-expat': '1.4.1' },
silly testEngine   _id: 'xml2json@0.2.4',
silly testEngine   devDependencies: {},
silly testEngine   engines: { node: '*' },
silly testEngine   _engineSupported: true,
silly testEngine   _npmVersion: '1.0.106',
silly testEngine   _nodeVersion: 'v0.4.7',
silly testEngine   _defaultsLoaded: true }
verbose caching /Users/derek/Desktop/cards.ly/node_modules/xml2json/package.json
verbose loadDefaults xml2json@0.2.4
verbose has wscript [ undefined,
verbose has wscript   { file: '/Users/derek/Desktop/cards.ly/node_modules/bcrypt/package.json',
verbose has wscript     contributors: false,
verbose has wscript     serverjs: false,
verbose has wscript     wscript: true } ]
silly testEngine { name: 'bcrypt',
silly testEngine   description: 'A bcrypt library for NodeJS.',
silly testEngine   keywords: 
silly testEngine    [ 'bcrypt',
silly testEngine      'password',
silly testEngine      'auth',
silly testEngine      'authentication',
silly testEngine      'encryption',
silly testEngine      'crypt',
silly testEngine      'crypto' ],
silly testEngine   main: './bcrypt',
silly testEngine   version: '0.4.1',
silly testEngine   author: 
silly testEngine    { name: 'Nick Campbell',
silly testEngine      url: 'http://github.com/ncb000gt' },
silly testEngine   engines: { node: '>= 0.4.0' },
silly testEngine   repository: 
silly testEngine    { type: 'git',
silly testEngine      url: 'git://github.com/ncb000gt/node.bcrypt.js.git' },
silly testEngine   licenses: [ { type: 'MIT' } ],
silly testEngine   bugs: { url: 'http://github.com/ncb000gt/node.bcrypt.js/issues' },
silly testEngine   scripts: { install: 'make build', test: 'make test' },
silly testEngine   devDependencies: { nodeunit: '>=0.5.4' },
silly testEngine   contributors: 
silly testEngine    [ { name: 'Antonio Salazar Cardozo',
silly testEngine        email: 'savedfastcool@gmail.com',
silly testEngine        url: 'https://github.com/Shadowfiend' },
silly testEngine      { name: 'Van Nguyen',
silly testEngine        email: 'the.gol.effect@gmail.com',
silly testEngine        url: 'https://github.com/thegoleffect' },
silly testEngine      { name: 'David Trejo',
silly testEngine        email: 'david@dtrejo.com',
silly testEngine        url: 'https://github.com/dtrejo' },
silly testEngine      { name: 'Ben Glow',
silly testEngine        email: 'glen.low@pixelglow.com',
silly testEngine        url: 'https://github.com/pixelglow' },
silly testEngine      { name: 'NewITFarmer.com',
silly testEngine        url: 'https://github.com/newitfarmer' },
silly testEngine      { name: 'Alfred Westerveld',
silly testEngine        email: 'alfredwesterveld@gmail.com',
silly testEngine        url: 'https://github.com/alfredwesterveld' },
silly testEngine      { name: 'Vincent Côté-Roy',
silly testEngine        email: 'vincentcr@gmail.com',
silly testEngine        url: 'https://github.com/vincentcr' },
silly testEngine      { name: 'Lloyd Hilaiel',
silly testEngine        email: 'lloyd@hilaiel.com',
silly testEngine        url: 'https://github.com/lloyd' },
silly testEngine      { name: 'Roman Shtylman',
silly testEngine        email: 'shtylman@gmail.com',
silly testEngine        url: 'https://github.com/shtylman' },
silly testEngine      { name: 'Vadim Graboys',
silly testEngine        email: 'dimva13@gmail.com',
silly testEngine        url: 'https://github.com/vadimg' },
silly testEngine      { name: 'Ben Noorduis',
silly testEngine        url: 'https://github.com/bnoordhuis' } ],
silly testEngine   _id: 'bcrypt@0.4.1',
silly testEngine   dependencies: {},
silly testEngine   _engineSupported: true,
silly testEngine   _npmVersion: '1.0.106',
silly testEngine   _nodeVersion: 'v0.4.7',
silly testEngine   _defaultsLoaded: true }
verbose caching /Users/derek/Desktop/cards.ly/node_modules/bcrypt/package.json
verbose loadDefaults bcrypt@0.4.1
verbose has wscript [ undefined,
verbose has wscript   { file: '/Users/derek/Desktop/cards.ly/node_modules/canvas/package.json',
verbose has wscript     contributors: false,
verbose has wscript     serverjs: false,
verbose has wscript     wscript: true } ]
silly testEngine { name: 'canvas',
silly testEngine   description: 'Canvas graphics API backed by Cairo',
silly testEngine   version: '0.8.2',
silly testEngine   author: { name: 'TJ Holowaychuk', email: 'tj@learnboost.com' },
silly testEngine   keywords: 
silly testEngine    [ 'canvas',
silly testEngine      'graphic',
silly testEngine      'graphics',
silly testEngine      'pixman',
silly testEngine      'cairo',
silly testEngine      'image',
silly testEngine      'images' ],
silly testEngine   homepage: 'https://github.com/learnboost/node-canvas',
silly testEngine   repository: 
silly testEngine    { type: 'git',
silly testEngine      url: 'git://github.com/learnboost/node-canvas.git' },
silly testEngine   scripts: { preinstall: 'node-waf configure build' },
silly testEngine   devDependencies: { express: '2.3.7', expresso: '0.7.6', jade: '0.11.0' },
silly testEngine   engines: { node: '>= 0.4.0 && < 0.7.0' },
silly testEngine   main: './lib/canvas.js',
silly testEngine   _id: 'canvas@0.8.2',
silly testEngine   dependencies: {},
silly testEngine   _engineSupported: true,
silly testEngine   _npmVersion: '1.0.106',
silly testEngine   _nodeVersion: 'v0.4.7',
silly testEngine   _defaultsLoaded: true }
verbose caching /Users/derek/Desktop/cards.ly/node_modules/canvas/package.json
verbose loadDefaults canvas@0.8.2
verbose from cache /Users/derek/Desktop/cards.ly/package.json
verbose into /Users/derek/Desktop/cards.ly [ 'client' ]
verbose cache add client
verbose cache add [ 'client', null ]
silly cache add: name, spec, args [ undefined, 'client', [ 'client', null ] ]
verbose parsed url { pathname: 'client', href: 'client' }
info addNamed [ 'client', '' ]
verbose addNamed [ null, '' ]
verbose GET client
verbose raw, before any munging client
verbose url resolving [ 'http://registry.npmjs.org/', './client' ]
verbose url resolved http://registry.npmjs.org/client
silly get cb [ 404,
silly get cb   { server: 'CouchDB/1.1.0 (Erlang OTP/R14B04)',
silly get cb     date: 'Fri, 16 Dec 2011 15:21:13 GMT',
silly get cb     'content-type': 'application/json',
silly get cb     'content-length': '52',
silly get cb     'cache-control': 'must-revalidate' } ]
ERR! 404 'client' is not in the npm registry.
ERR! 404 You could maybe bug the author to publish it
ERR! 404 Note that you can also install from a tarball or folder.
ERR! 
ERR! System Darwin 11.2.0
ERR! command "node" "/usr/local/bin/npm" "install" "client"
ERR! cwd /Users/derek/Desktop/cards.ly
ERR! node -v v0.4.7
ERR! npm -v 1.0.106
ERR! code E404
verbose exit [ 1, true ]
